0 info it worked if it ends with ok
1 verbose cli [ '/usr/local/bin/iojs', '/Users/jehan/.node/bin/npm', 'start' ]
2 info using npm@2.12.1
3 info using node@v2.3.0
4 verbose run-script [ 'prestart', 'start', 'poststart' ]
5 info prestart Althea@0.0.1
6 info start Althea@0.0.1
7 verbose unsafe-perm in lifecycle true
8 info Althea@0.0.1 Failed to exec start script
9 verbose stack Error: Althea@0.0.1 start: `mkdir -p dist & watchify -v -t babelify -d index.js -o dist/bundle.js & http-server . -p 4256 > /dev/null`
9 verbose stack Exit status 1
9 verbose stack     at EventEmitter.<anonymous> (/Users/jehan/.node/lib/node_modules/npm/lib/utils/lifecycle.js:213:16)
9 verbose stack     at emitTwo (events.js:87:13)
9 verbose stack     at EventEmitter.emit (events.js:172:7)
9 verbose stack     at ChildProcess.<anonymous> (/Users/jehan/.node/lib/node_modules/npm/lib/utils/spawn.js:24:14)
9 verbose stack     at emitTwo (events.js:87:13)
9 verbose stack     at ChildProcess.emit (events.js:172:7)
9 verbose stack     at maybeClose (internal/child_process.js:764:16)
9 verbose stack     at Process.ChildProcess._handle.onexit (internal/child_process.js:211:5)
10 verbose pkgid Althea@0.0.1
11 verbose cwd /Users/jehan/althea/timing-transmission
12 error Darwin 14.4.0
13 error argv "/usr/local/bin/iojs" "/Users/jehan/.node/bin/npm" "start"
14 error node v2.3.0
15 error npm  v2.12.1
16 error code ELIFECYCLE
17 error Althea@0.0.1 start: `mkdir -p dist & watchify -v -t babelify -d index.js -o dist/bundle.js & http-server . -p 4256 > /dev/null`
17 error Exit status 1
18 error Failed at the Althea@0.0.1 start script 'mkdir -p dist & watchify -v -t babelify -d index.js -o dist/bundle.js & http-server . -p 4256 > /dev/null'.
18 error This is most likely a problem with the Althea package,
18 error not with npm itself.
18 error Tell the author that this fails on your system:
18 error     mkdir -p dist & watchify -v -t babelify -d index.js -o dist/bundle.js & http-server . -p 4256 > /dev/null
18 error You can get their info via:
18 error     npm owner ls Althea
18 error There is likely additional logging output above.
19 verbose exit [ 1, true ]
